"E:\CLion 2023.3.4\bin\cmake\win\x64\bin\cmake.exe" -DCMAKE_BUILD_TYPE=Release "-DCMAKE_MAKE_PROGRAM=E:/CLion 2023.3.4/bin/ninja/win/x64/ninja.exe" -DCMAKE_C_COMPILER=E:/software/gun/bin/arm-none-eabi-gcc.exe -DCMAKE_CXX_COMPILER=E:/software/gun/bin/arm-none-eabi-g++.exe -G Ninja -S "E:\project\smart car\ok\963ra-" -B "E:\project\smart car\ok\963ra-\cmake-build-release"
-- The C compiler identification is GNU 10.3.1
-- Detecting C compiler ABI info
-- Detecting C compiler ABI info - failed
-- Check for working C compiler: E:/software/gun/bin/arm-none-eabi-gcc.exe
-- Check for working C compiler: E:/software/gun/bin/arm-none-eabi-gcc.exe - broken
CMake Error at E:/CLion 2023.3.4/bin/cmake/win/x64/share/cmake-3.27/Modules/CMakeTestCCompiler.cmake:67 (message):
  The C compiler

    "E:/software/gun/bin/arm-none-eabi-gcc.exe"

  is not able to compile a simple test program.

  It fails with the following output:

    Change Dir: 'E:/project/smart car/ok/963ra-/cmake-build-release/CMakeFiles/CMakeScratch/TryCompile-70hr8t'
    
    Run Build Command(s): "E:/CLion 2023.3.4/bin/ninja/win/x64/ninja.exe" -v cmTC_9fc9d
    [1/2] E:\software\gun\bin\arm-none-eabi-gcc.exe   -fdiagnostics-color=always -o CMakeFiles/cmTC_9fc9d.dir/testCCompiler.c.obj -c "E:/project/smart car/ok/963ra-/cmake-build-release/CMakeFiles/CMakeScratch/TryCompile-70hr8t/testCCompiler.c"
    [2/2] cmd.exe /C "cd . && E:\software\gun\bin\arm-none-eabi-gcc.exe   CMakeFiles/cmTC_9fc9d.dir/testCCompiler.c.obj -o cmTC_9fc9d.exe -Wl,--out-implib,libcmTC_9fc9d.dll.a -Wl,--major-image-version,0,--minor-image-version,0  -lkernel32 -luser32 -lgdi32 -lwinspool -lshell32 -lole32 -loleaut32 -luuid -lcomdlg32 -ladvapi32 && cd ."
    FAILED: cmTC_9fc9d.exe 
    cmd.exe /C "cd . && E:\software\gun\bin\arm-none-eabi-gcc.exe   CMakeFiles/cmTC_9fc9d.dir/testCCompiler.c.obj -o cmTC_9fc9d.exe -Wl,--out-implib,libcmTC_9fc9d.dll.a -Wl,--major-image-version,0,--minor-image-version,0  -lkernel32 -luser32 -lgdi32 -lwinspool -lshell32 -lole32 -loleaut32 -luuid -lcomdlg32 -ladvapi32 && cd ."
    e:/software/gun/bin/../lib/gcc/arm-none-eabi/10.3.1/../../../../arm-none-eabi/bin/ld.exe: unrecognized option '--major-image-version'
    e:/software/gun/bin/../lib/gcc/arm-none-eabi/10.3.1/../../../../arm-none-eabi/bin/ld.exe: use the --help option for usage information
    collect2.exe: error: ld returned 1 exit status
    ninja: build stopped: subcommand failed.
    
    

  

  CMake will not be able to correctly generate this project.
Call Stack (most recent call first):
  CMakeLists.txt:2 (project)


-- Configuring incomplete, errors occurred!
